2016-06-02 05:44:14 [::1][-][-][error][yii\web\HttpException:404] exception 'yii\base\InvalidRouteException' with message 'Unable to resolve the request "site/contact".' in E:\wamp\www\yii2\basic\vendor\yiisoft\yii2\base\Module.php:460
Stack trace:
#0 E:\wamp\www\yii2\basic\vendor\yiisoft\yii2\web\Application.php(84): yii\base\Module->runAction('site/contact', Array)
#1 E:\wamp\www\yii2\basic\vendor\yiisoft\yii2\base\Application.php(375): yii\web\Application->handleRequest(Object(yii\web\Request))
#2 E:\wamp\www\yii2\basic\web\index.php(12): yii\base\Application->run()
#3 {main}

Next exception 'yii\web\NotFoundHttpException' with message 'Page not found.' in E:\wamp\www\yii2\basic\vendor\yiisoft\yii2\web\Application.php:96
Stack trace:
#0 E:\wamp\www\yii2\basic\vendor\yiisoft\yii2\base\Application.php(375): yii\web\Application->handleRequest(Object(yii\web\Request))
#1 E:\wamp\www\yii2\basic\web\index.php(12): yii\base\Application->run()
#2 {main}
2016-06-02 05:44:14 [::1][-][-][info][application] $_GET = [
    'r' => 'site/contact'
]

$_COOKIE = [
    'vc' => '7'
    '_csrf' => 'b66272858f83d4e705480ddd825e04f0682915731e773dbe4d5657f934aae9d5a:2:{i:0;s:5:\"_csrf\";i:1;s:32:\"2iyCJOXXpdkTHSFt7kTtYvMUKoieaCoo\";}'
    'PHPSESSID' => 'n4hkplr8jji0p1ptogr8l9qb13'
]

$_SERVER = [
    'HTTP_HOST' => 'localhost'
    'HTTP_CONNECTION' => 'keep-alive'
    'HTTP_CACHE_CONTROL' => 'max-age=0'
    'HTTP_ACCEPT' => 'text/html,application/xhtml+xml,application/xml;q=0.9,image/webp,*/*;q=0.8'
    'HTTP_UPGRADE_INSECURE_REQUESTS' => '1'
    'HTTP_USER_AGENT' => 'Mozilla/5.0 (Windows NT 6.1; WOW64) AppleWebKit/537.36 (KHTML, like Gecko) Chrome/50.0.2661.102 Safari/537.36'
    'HTTP_ACCEPT_ENCODING' => 'gzip, deflate, sdch'
    'HTTP_ACCEPT_LANGUAGE' => 'ru-RU,ru;q=0.8,en-US;q=0.6,en;q=0.4'
    'HTTP_COOKIE' => 'vc=7; _csrf=b66272858f83d4e705480ddd825e04f0682915731e773dbe4d5657f934aae9d5a%3A2%3A%7Bi%3A0%3Bs%3A5%3A%22_csrf%22%3Bi%3A1%3Bs%3A32%3A%222iyCJOXXpdkTHSFt7kTtYvMUKoieaCoo%22%3B%7D; PHPSESSID=n4hkplr8jji0p1ptogr8l9qb13'
    'PATH' => 'C:\\Windows\\system32;C:\\Windows;C:\\Windows\\System32\\Wbem;C:\\Windows\\System32\\WindowsPowerShell\\v1.0\\;C:\\Program Files (x86)\\NVIDIA Corporation\\PhysX\\Common;C:\\Program Files (x86)\\Windows Kits\\8.0\\Windows Performance Toolkit\\;C:\\Program Files\\Microsoft SQL Server\\110\\Tools\\Binn\\;C:\\Program Files\\Git\\cmd;C:\\Program Files (x86)\\Skype\\Phone\\;C:\\Program Files\\nodejs\\;E:\\wamp\\bin\\php\\php5.5.12;C:\\ProgramData\\ComposerSetup\\bin;'
    'SystemRoot' => 'C:\\Windows'
    'COMSPEC' => 'C:\\Windows\\system32\\cmd.exe'
    'PATHEXT' => '.COM;.EXE;.BAT;.CMD;.VBS;.VBE;.JS;.JSE;.WSF;.WSH;.MSC'
    'WINDIR' => 'C:\\Windows'
    'SERVER_SIGNATURE' => '<address>Apache/2.4.9 (Win64) PHP/5.5.12 Server at localhost Port 80</address>
'
    'SERVER_SOFTWARE' => 'Apache/2.4.9 (Win64) PHP/5.5.12'
    'SERVER_NAME' => 'localhost'
    'SERVER_ADDR' => '::1'
    'SERVER_PORT' => '80'
    'REMOTE_ADDR' => '::1'
    'DOCUMENT_ROOT' => 'E:/wamp/www/'
    'REQUEST_SCHEME' => 'http'
    'CONTEXT_PREFIX' => ''
    'CONTEXT_DOCUMENT_ROOT' => 'E:/wamp/www/'
    'SERVER_ADMIN' => 'admin@example.com'
    'SCRIPT_FILENAME' => 'E:/wamp/www/yii2/basic/web/index.php'
    'REMOTE_PORT' => '13151'
    'GATEWAY_INTERFACE' => 'CGI/1.1'
    'SERVER_PROTOCOL' => 'HTTP/1.1'
    'REQUEST_METHOD' => 'GET'
    'QUERY_STRING' => 'r=site%2Fcontact'
    'REQUEST_URI' => '/yii2/basic/web/index.php?r=site%2Fcontact'
    'SCRIPT_NAME' => '/yii2/basic/web/index.php'
    'PHP_SELF' => '/yii2/basic/web/index.php'
    'REQUEST_TIME_FLOAT' => 1464839054.511
    'REQUEST_TIME' => 1464839054
]
